<?xml version="1.0" encoding="UTF-8"?>
<!-- Generated by org.testng.reporters.JUnitReportReporter -->
<testsuite hostname="HP" failures="0" tests="1" name="webauto.bd.tests.LoginTest" time="24.593" errors="0" timestamp="2024-07-18T15:08:20 BDT" skipped="0">
  <testcase classname="webauto.bd.tests.LoginTest" name="loginIntoShop" time="24.593"/>
</testsuite> <!-- webauto.bd.tests.LoginTest -->
