<?xml version="1.0" encoding="UTF-8"?>
<!-- Generated by org.testng.reporters.JUnitReportReporter -->
<testsuite hostname="HP" failures="0" tests="1" name="webauto.bd.tests.LoginTest" time="0.018" errors="0" timestamp="2024-07-17T21:00:58 BDT" skipped="0">
  <testcase classname="webauto.bd.tests.LoginTest" name="loginIntoShop" time="0.018"/>
</testsuite> <!-- webauto.bd.tests.LoginTest -->
